<?xml version="1.0" encoding="UTF-8"?>
<!-- Generated by org.testng.reporters.JUnitReportReporter -->
<testsuite skipped="0" hostname="MSURI-L-1576" name="com.ecommerce.redlion.test.PropertyPageTest" tests="6" failures="0" timestamp="11 Mar 2020 10:28:07 GMT" time="211.774" errors="0">
  <testcase name="validationOfRoomType" time="39.212" classname="com.ecommerce.redlion.test.PropertyPageTest"/>
  <testcase name="validationOfNavigationTabsPropertyPage" time="5.977" classname="com.ecommerce.redlion.test.PropertyPageTest"/>
  <testcase name="validationOfContactTabsPropertyPage" time="1.142" classname="com.ecommerce.redlion.test.PropertyPageTest"/>
  <testcase name="validationOfAmenitiesTabsPropertyPage" time="10.321" classname="com.ecommerce.redlion.test.PropertyPageTest"/>
  <testcase name="validationOfRoomTypesTabsPropertyPage" time="144.780" classname="com.ecommerce.redlion.test.PropertyPageTest"/>
  <testcase name="validationOfPackagesTabsPropertyPage" time="10.342" classname="com.ecommerce.redlion.test.PropertyPageTest"/>
</testsuite> <!-- com.ecommerce.redlion.test.PropertyPageTest -->
