<?xml version="1.0" encoding="UTF-8"?>
<!-- Generated by org.testng.reporters.JUnitReportReporter -->
<testsuite skipped="0" hostname="MSURI-L-1576" name="com.ecommerce.redlion.test.ContactPageTests" tests="3" failures="0" timestamp="11 Mar 2020 10:28:07 GMT" time="108.107" errors="0">
  <testcase name="validationOfContactPage_Routing_ChatButton" time="32.629" classname="com.ecommerce.redlion.test.ContactPageTests"/>
  <testcase name="validationOfContactPage_InvalidEmailFormSubmission" time="16.538" classname="com.ecommerce.redlion.test.ContactPageTests"/>
  <testcase name="validationOfContactPage_validEmailFormSubmission" time="58.940" classname="com.ecommerce.redlion.test.ContactPageTests"/>
</testsuite> <!-- com.ecommerce.redlion.test.ContactPageTests -->
