<?xml version="1.0" encoding="UTF-8"?>
<!-- Generated by org.testng.reporters.JUnitReportReporter -->
<testsuite skipped="0" hostname="MSURI-L-1576" name="com.ecommerce.redlion.test.ManageReservationsPageTest" tests="1" failures="0" timestamp="11 Mar 2020 10:28:07 GMT" time="21.723" errors="0">
  <testcase name="manageReservations" time="21.723" classname="com.ecommerce.redlion.test.ManageReservationsPageTest"/>
</testsuite> <!-- com.ecommerce.redlion.test.ManageReservationsPageTest -->
