<?xml version="1.0" encoding="UTF-8"?>
<!-- Generated by org.testng.reporters.JUnitReportReporter -->
<testsuite hostname="DELTADESIGNS" failures="0" tests="6" name="com.orange.test.LoginPageTest" time="21.980" errors="0" timestamp="2021-05-29T22:44:26 IST" skipped="4">
  <testcase classname="com.orange.test.LoginPageTest" name="LoginHEM" time="12.445"/>
  <system-out/>
  <testcase classname="com.orange.test.LoginPageTest" name="LogoutHRM" time="9.535"/>
  <system-out/>
  <testcase classname="com.orange.test.LoginPageTest" name="FooterVlidation">
    <skipped/>
  </testcase> <!-- FooterVlidation -->
  <system-out/>
  <testcase classname="com.orange.test.LoginPageTest" name="createAccountValidation">
    <skipped/>
  </testcase> <!-- createAccountValidation -->
  <system-out/>
  <testcase classname="com.orange.test.LoginPageTest" name="loginAccountValidation">
    <skipped/>
  </testcase> <!-- loginAccountValidation -->
  <system-out/>
  <testcase classname="com.orange.test.LoginPageTest" name="orangeEmptyLoginValdation">
    <skipped/>
  </testcase> <!-- orangeEmptyLoginValdation -->
  <system-out/>
</testsuite> <!-- com.orange.test.LoginPageTest -->
