<?xml version="1.0" encoding="UTF-8"?>
<!-- Generated by org.testng.reporters.JUnitReportReporter -->
<testsuite skipped="0" hostname="SPARAVAS-L-1362" name="com.ecommerce.redlion.test.OffersPageTest" tests="1" failures="0" timestamp="24 Feb 2020 17:51:19 GMT" time="22.244" errors="0">
  <testcase name="homePage_OffersLinkValdation" time="22.244" classname="com.ecommerce.redlion.test.OffersPageTest"/>
</testsuite> <!-- com.ecommerce.redlion.test.OffersPageTest -->
