<?xml version="1.0" encoding="UTF-8"?>
<!-- Generated by org.testng.reporters.JUnitReportReporter -->
<testsuite skipped="0" hostname="MSURI-L-1576" name="com.ecommerce.redlion.test.BrandsPageTests" tests="4" failures="0" timestamp="11 Mar 2020 10:28:07 GMT" time="299.638" errors="0">
  <testcase name="validationOfBrandsCountAndImages" time="20.156" classname="com.ecommerce.redlion.test.BrandsPageTests"/>
  <testcase name="validateBrandCardDetails" time="31.131" classname="com.ecommerce.redlion.test.BrandsPageTests"/>
  <testcase name="validationEachBrandCardDetails" time="232.981" classname="com.ecommerce.redlion.test.BrandsPageTests"/>
  <testcase name="validationOfBrandWebSite_Hotelrl" time="15.370" classname="com.ecommerce.redlion.test.BrandsPageTests"/>
</testsuite> <!-- com.ecommerce.redlion.test.BrandsPageTests -->
