<?xml version="1.0" encoding="UTF-8"?>
<!-- Generated by org.testng.reporters.JUnitReportReporter -->
<testsuite skipped="0" hostname="MSURI-L-1576" name="com.ecommerce.redlion.test.MeetingsAndEventsPageTest" tests="2" failures="0" timestamp="11 Mar 2020 10:28:07 GMT" time="80.668" errors="0">
  <testcase name="validationMeetingsAndEvents" time="68.018" classname="com.ecommerce.redlion.test.MeetingsAndEventsPageTest"/>
  <testcase name="validationOfCallUsAndEmail" time="12.650" classname="com.ecommerce.redlion.test.MeetingsAndEventsPageTest"/>
</testsuite> <!-- com.ecommerce.redlion.test.MeetingsAndEventsPageTest -->
