<?xml version="1.0" encoding="UTF-8"?>
<!-- Generated by org.testng.reporters.JUnitReportReporter -->
<testsuite skipped="0" hostname="MSURI-L-1576" name="com.ecommerce.redlion.test.HomePageTest" tests="14" failures="0" timestamp="11 Mar 2020 10:28:07 GMT" time="385.929" errors="0">
  <testcase name="homePageHeaderTabsValdation" time="10.147" classname="com.ecommerce.redlion.test.HomePageTest"/>
  <testcase name="homePagePromotionalCardsValdation" time="10.253" classname="com.ecommerce.redlion.test.HomePageTest"/>
  <testcase name="homePageHelloRewardsValdation" time="11.182" classname="com.ecommerce.redlion.test.HomePageTest"/>
  <testcase name="homePgHelloRdsValdationWithBlankFlds" time="6.424" classname="com.ecommerce.redlion.test.HomePageTest"/>
  <testcase name="homePgHelloRdsValdationWithInvalidData" time="12.490" classname="com.ecommerce.redlion.test.HomePageTest"/>
  <testcase name="homePage_HelloRewardsLoginWithValidDataValdation" time="23.863" classname="com.ecommerce.redlion.test.HomePageTest"/>
  <testcase name="homePageFooterValdation" time="188.754" classname="com.ecommerce.redlion.test.HomePageTest"/>
  <testcase name="homePageSearchBarValdation" time="0.883" classname="com.ecommerce.redlion.test.HomePageTest"/>
  <testcase name="homePageLocationSearchValdation" time="6.957" classname="com.ecommerce.redlion.test.HomePageTest"/>
  <testcase name="homePageEachLocationSearchValdation" time="35.356" classname="com.ecommerce.redlion.test.HomePageTest"/>
  <testcase name="homePageCalenderValdation" time="18.060" classname="com.ecommerce.redlion.test.HomePageTest"/>
  <testcase name="homePageRoomsOccupancyValdation" time="26.735" classname="com.ecommerce.redlion.test.HomePageTest"/>
  <testcase name="homePage_DiscountsValdation" time="24.846" classname="com.ecommerce.redlion.test.HomePageTest"/>
  <testcase name="homePage_UseCurrentLocationValdation" time="9.979" classname="com.ecommerce.redlion.test.HomePageTest"/>
</testsuite> <!-- com.ecommerce.redlion.test.HomePageTest -->
