<?xml version="1.0" encoding="UTF-8"?>
<!-- Generated by org.testng.reporters.JUnitReportReporter -->
<testsuite skipped="0" hostname="MSURI-L-1576" name="com.ecommerce.redlion.test.HotelLocationsPageTest" tests="4" failures="0" timestamp="11 Mar 2020 10:28:07 GMT" time="241.648" errors="0">
  <testcase name="validationOfRoomType" time="171.464" classname="com.ecommerce.redlion.test.HotelLocationsPageTest"/>
  <testcase name="validationOfMilesFilterHotelLocationPage" time="26.384" classname="com.ecommerce.redlion.test.HotelLocationsPageTest"/>
  <testcase name="validationOfPricesFilterHotelLocationPage" time="16.470" classname="com.ecommerce.redlion.test.HotelLocationsPageTest"/>
  <testcase name="validationOfMapView" time="27.330" classname="com.ecommerce.redlion.test.HotelLocationsPageTest"/>
</testsuite> <!-- com.ecommerce.redlion.test.HotelLocationsPageTest -->
