<?xml version="1.0" encoding="UTF-8"?>
<!-- Generated by org.testng.reporters.JUnitReportReporter -->
<testsuite skipped="0" hostname="MSURI-L-1576" name="com.ecommerce.redlion.test.PasswordResetTest" tests="1" failures="0" timestamp="11 Mar 2020 10:28:07 GMT" time="92.847" errors="0">
  <testcase name="homePageHeaderTabsValdation" time="92.847" classname="com.ecommerce.redlion.test.PasswordResetTest"/>
</testsuite> <!-- com.ecommerce.redlion.test.PasswordResetTest -->
