<?xml version="1.0" encoding="UTF-8"?>
<!-- Generated by org.testng.reporters.JUnitReportReporter -->
<testsuite skipped="0" hostname="MSURI-L-1576" name="com.ecommerce.redlion.test.SupportPageTests" tests="7" failures="0" timestamp="11 Mar 2020 10:28:07 GMT" time="809.900" errors="0">
  <testcase name="validationOfSupportPage_HowMayweHelpSearch" time="38.948" classname="com.ecommerce.redlion.test.SupportPageTests"/>
  <testcase name="validationOfSupportPage_CategoriesUnderFAQ" time="235.293" classname="com.ecommerce.redlion.test.SupportPageTests"/>
  <testcase name="validationOfSupportPage_BrowseByTopicList" time="419.962" classname="com.ecommerce.redlion.test.SupportPageTests"/>
  <testcase name="validationOfSupportPage_FindAPropertySearch_InValidDetails" time="20.990" classname="com.ecommerce.redlion.test.SupportPageTests"/>
  <testcase name="validationOfSupportPage_FindAPropertySearch_ValidDetails" time="32.816" classname="com.ecommerce.redlion.test.SupportPageTests"/>
  <testcase name="validationOfSupportPage_FindAPropertySearch_ChangeLocation" time="40.431" classname="com.ecommerce.redlion.test.SupportPageTests"/>
  <testcase name="verifySupportPage_NeedAdditionalHelpButtonsNavigation" time="21.460" classname="com.ecommerce.redlion.test.SupportPageTests"/>
</testsuite> <!-- com.ecommerce.redlion.test.SupportPageTests -->
