<?xml version="1.0" encoding="UTF-8"?>
<!-- Generated by org.testng.reporters.JUnitReportReporter -->
<testsuite hostname="DELTADESIGNS" failures="0" tests="2" name="com.orange.test.HomePageTest" time="50.670" errors="0" timestamp="2021-05-20T13:57:54 IST" skipped="0">
  <testcase classname="com.orange.test.HomePageTest" name="orangeAddUserValdation" time="9.714"/>
  <system-out/>
  <testcase classname="com.orange.test.HomePageTest" name="orangeSystemUsersValdation" time="40.956"/>
  <system-out/>
</testsuite> <!-- com.orange.test.HomePageTest -->
