<?xml version="1.0" encoding="UTF-8"?>
<!-- Generated by org.testng.reporters.JUnitReportReporter -->
<testsuite hostname="DELTADESIGNS" failures="0" tests="1" name="com.orange.test.HomePageJobsTest" time="35.492" errors="0" timestamp="2021-05-20T13:57:54 IST" skipped="0">
  <testcase classname="com.orange.test.HomePageJobsTest" name="orangeAddJobsValdation" time="35.492"/>
  <system-out/>
</testsuite> <!-- com.orange.test.HomePageJobsTest -->
