<?xml version="1.0" encoding="UTF-8"?>
<!-- Generated by org.testng.reporters.JUnitReportReporter -->
<testsuite skipped="1" hostname="MSURI-L-1576" name="com.ecommerce.redlion.test.RewardsSignUpTests" tests="3" failures="0" timestamp="11 Mar 2020 10:28:07 GMT" time="104.560" errors="0">
  <testcase name="validationOfRewardsSignUpPage_Form_InvalidData" time="83.367" classname="com.ecommerce.redlion.test.RewardsSignUpTests"/>
  <testcase name="validationOfRewardsSignUpPage_Form_ExistingUserData" time="21.193" classname="com.ecommerce.redlion.test.RewardsSignUpTests"/>
  <testcase name="validationOfRewardsSignUpPage_Form_NewUserData" classname="com.ecommerce.redlion.test.RewardsSignUpTests">
    <skipped/>
  </testcase> <!-- validationOfRewardsSignUpPage_Form_NewUserData -->
</testsuite> <!-- com.ecommerce.redlion.test.RewardsSignUpTests -->
